<?xml version="1.0" encoding="UTF-8"?>
<!-- Generated by org.testng.reporters.JUnitReportReporter -->
<testsuite skipped="0" hostname="MRs-MacBook-Pro.lan" name="test.TC_01_ValidateCheckBox_Test" tests="1" failures="0" timestamp="19 Jan 2023 17:01:51 GMT" time="5.386" errors="0">
  <testcase name="ValidateChackBox" time="5.386" classname="test.TC_01_ValidateCheckBox_Test"/>
</testsuite> <!-- test.TC_01_ValidateCheckBox_Test -->
