<?xml version="1.0" encoding="UTF-8"?>
<!-- Generated by org.testng.reporters.JUnitReportReporter -->
<testsuite skipped="0" hostname="MRs-MacBook-Pro.lan" name="test.TC_03_ValidateRemoveButton_Test" tests="1" failures="0" timestamp="19 Jan 2023 17:01:51 GMT" time="4.196" errors="0">
  <testcase name="validate_removeSingleList" time="4.196" classname="test.TC_03_ValidateRemoveButton_Test"/>
</testsuite> <!-- test.TC_03_ValidateRemoveButton_Test -->
